0 info it worked if it ends with ok
1 verbose cli [ '/usr/local/bin/node',
1 verbose cli   '/usr/local/bin/npm',
1 verbose cli   'run',
1 verbose cli   'deploy:staging' ]
2 info using npm@3.5.3
3 info using node@v5.0.0
4 verbose run-script [ 'predeploy:staging', 'deploy:staging', 'postdeploy:staging' ]
5 info lifecycle brink-website@1.0.0~predeploy:staging: brink-website@1.0.0
6 silly lifecycle brink-website@1.0.0~predeploy:staging: no script for predeploy:staging, continuing
7 info lifecycle brink-website@1.0.0~deploy:staging: brink-website@1.0.0
8 verbose lifecycle brink-website@1.0.0~deploy:staging: unsafe-perm in lifecycle true
9 verbose lifecycle brink-website@1.0.0~deploy:staging: PATH: /usr/local/lib/node_modules/npm/bin/node-gyp-bin:/home/derek/bitsync/btsync/Developer/server/brink/node_modules/.bin:/home/derek/bin:/usr/local/sbin:/usr/local/bin:/usr/sbin:/usr/bin:/sbin:/bin:/usr/games:/usr/local/games:/usr/local/go/bin:/usr/local/go/bin:/home/derek/Programs/java/jdk1.8.0_60/bin
10 verbose lifecycle brink-website@1.0.0~deploy:staging: CWD: /home/derek/bitsync/btsync/Developer/server/brink
11 silly lifecycle brink-website@1.0.0~deploy:staging: Args: [ '-c',
11 silly lifecycle   'git add -a && git commit -am \'prep for pm2 deploy\' && pm2 deploy ecosystem.json staging' ]
12 silly lifecycle brink-website@1.0.0~deploy:staging: Returned: code: 129  signal: null
13 info lifecycle brink-website@1.0.0~deploy:staging: Failed to exec deploy:staging script
14 verbose stack Error: brink-website@1.0.0 deploy:staging: `git add -a && git commit -am 'prep for pm2 deploy' && pm2 deploy ecosystem.json staging`
14 verbose stack Exit status 129
14 verbose stack     at EventEmitter.<anonymous> (/usr/local/lib/node_modules/npm/lib/utils/lifecycle.js:232:16)
14 verbose stack     at emitTwo (events.js:87:13)
14 verbose stack     at EventEmitter.emit (events.js:172:7)
14 verbose stack     at ChildProcess.<anonymous> (/usr/local/lib/node_modules/npm/lib/utils/spawn.js:24:14)
14 verbose stack     at emitTwo (events.js:87:13)
14 verbose stack     at ChildProcess.emit (events.js:172:7)
14 verbose stack     at maybeClose (internal/child_process.js:818:16)
14 verbose stack     at Process.ChildProcess._handle.onexit (internal/child_process.js:211:5)
15 verbose pkgid brink-website@1.0.0
16 verbose cwd /home/derek/bitsync/btsync/Developer/server/brink
17 error Linux 3.16.0-38-generic
18 error argv "/usr/local/bin/node" "/usr/local/bin/npm" "run" "deploy:staging"
19 error node v5.0.0
20 error npm  v3.5.3
21 error code ELIFECYCLE
22 error brink-website@1.0.0 deploy:staging: `git add -a && git commit -am 'prep for pm2 deploy' && pm2 deploy ecosystem.json staging`
22 error Exit status 129
23 error Failed at the brink-website@1.0.0 deploy:staging script 'git add -a && git commit -am 'prep for pm2 deploy' && pm2 deploy ecosystem.json staging'.
23 error Make sure you have the latest version of node.js and npm installed.
23 error If you do, this is most likely a problem with the brink-website package,
23 error not with npm itself.
23 error Tell the author that this fails on your system:
23 error     git add -a && git commit -am 'prep for pm2 deploy' && pm2 deploy ecosystem.json staging
23 error You can get information on how to open an issue for this project with:
23 error     npm bugs brink-website
23 error Or if that isn't available, you can get their info via:
23 error     npm owner ls brink-website
23 error There is likely additional logging output above.
24 verbose exit [ 1, true ]
